{"/home/glenpearson/repos/art-appreciation-backend/constants/fxhashConstants.js": {"path":"/home/glenpearson/repos/art-appreciation-backend/constants/fxhashConstants.js","statementMap":{"0":{"start":{"line":1,"column":25},"end":{"line":1,"column":37}},"1":{"start":{"line":4,"column":26},"end":{"line":7,"column":2}},"2":{"start":{"line":9,"column":0},"end":{"line":12,"column":2}}},"fnMap":{},"branchMap":{},"s":{"0":1,"1":1,"2":1},"f":{},"b":{},"_coverageSchema":"1a1c01bbd47fc00a2c39e90264f33305004495a9","hash":"9eb9e43c81df26f46cbdf25484171c22a06b0209"}
,"/home/glenpearson/repos/art-appreciation-backend/utils/etl/transform/aaiScore.js": {"path":"/home/glenpearson/repos/art-appreciation-backend/utils/etl/transform/aaiScore.js","statementMap":{"0":{"start":{"line":23,"column":21},"end":{"line":46,"column":1}},"1":{"start":{"line":29,"column":18},"end":{"line":29,"column":33}},"2":{"start":{"line":34,"column":24},"end":{"line":34,"column":42}},"3":{"start":{"line":37,"column":4},"end":{"line":37,"column":74}},"4":{"start":{"line":39,"column":20},"end":{"line":42,"column":3}},"5":{"start":{"line":44,"column":21},"end":{"line":44,"column":61}},"6":{"start":{"line":45,"column":2},"end":{"line":45,"column":20}},"7":{"start":{"line":53,"column":25},"end":{"line":56,"column":1}},"8":{"start":{"line":54,"column":21},"end":{"line":54,"column":41}},"9":{"start":{"line":55,"column":2},"end":{"line":55,"column":49}},"10":{"start":{"line":58,"column":0},"end":{"line":58,"column":30}}},"fnMap":{"0":{"name":"(anonymous_0)","decl":{"start":{"line":23,"column":21},"end":{"line":23,"column":22}},"loc":{"start":{"line":28,"column":5},"end":{"line":46,"column":1}},"line":28},"1":{"name":"(anonymous_1)","decl":{"start":{"line":53,"column":25},"end":{"line":53,"column":26}},"loc":{"start":{"line":53,"column":41},"end":{"line":56,"column":1}},"line":53}},"branchMap":{"0":{"loc":{"start":{"line":29,"column":18},"end":{"line":29,"column":33}},"type":"cond-expr","locations":[{"start":{"line":29,"column":27},"end":{"line":29,"column":28}},{"start":{"line":29,"column":31},"end":{"line":29,"column":33}}],"line":29}},"s":{"0":1,"1":13,"2":13,"3":13,"4":13,"5":13,"6":13,"7":1,"8":26,"9":26,"10":1},"f":{"0":13,"1":26},"b":{"0":[13,0]},"_coverageSchema":"1a1c01bbd47fc00a2c39e90264f33305004495a9","hash":"5dcdcc6349fdc34fe110601fa0a99ed5e004bd24"}
,"/home/glenpearson/repos/art-appreciation-backend/utils/etl/transform/processTransaction.js": {"path":"/home/glenpearson/repos/art-appreciation-backend/utils/etl/transform/processTransaction.js","statementMap":{"0":{"start":{"line":1,"column":21},"end":{"line":1,"column":42}},"1":{"start":{"line":3,"column":30},"end":{"line":3,"column":75}},"2":{"start":{"line":11,"column":27},"end":{"line":71,"column":1}},"3":{"start":{"line":12,"column":18},"end":{"line":12,"column":20}},"4":{"start":{"line":13,"column":18},"end":{"line":13,"column":20}},"5":{"start":{"line":14,"column":18},"end":{"line":14,"column":23}},"6":{"start":{"line":15,"column":18},"end":{"line":15,"column":23}},"7":{"start":{"line":16,"column":19},"end":{"line":16,"column":24}},"8":{"start":{"line":18,"column":2},"end":{"line":43,"column":3}},"9":{"start":{"line":25,"column":6},"end":{"line":25,"column":23}},"10":{"start":{"line":30,"column":6},"end":{"line":30,"column":24}},"11":{"start":{"line":31,"column":6},"end":{"line":31,"column":12}},"12":{"start":{"line":37,"column":6},"end":{"line":37,"column":23}},"13":{"start":{"line":41,"column":6},"end":{"line":41,"column":12}},"14":{"start":{"line":45,"column":2},"end":{"line":56,"column":3}},"15":{"start":{"line":46,"column":4},"end":{"line":50,"column":6}},"16":{"start":{"line":52,"column":4},"end":{"line":55,"column":6}},"17":{"start":{"line":58,"column":2},"end":{"line":58,"column":47}},"18":{"start":{"line":59,"column":2},"end":{"line":59,"column":46}},"19":{"start":{"line":60,"column":2},"end":{"line":65,"column":4}},"20":{"start":{"line":66,"column":2},"end":{"line":68,"column":32}},"21":{"start":{"line":70,"column":2},"end":{"line":70,"column":34}},"22":{"start":{"line":73,"column":0},"end":{"line":73,"column":36}}},"fnMap":{"0":{"name":"(anonymous_0)","decl":{"start":{"line":11,"column":27},"end":{"line":11,"column":28}},"loc":{"start":{"line":11,"column":44},"end":{"line":71,"column":1}},"line":11}},"branchMap":{"0":{"loc":{"start":{"line":18,"column":2},"end":{"line":43,"column":3}},"type":"switch","locations":[{"start":{"line":20,"column":4},"end":{"line":20,"column":31}},{"start":{"line":21,"column":4},"end":{"line":21,"column":22}},{"start":{"line":22,"column":4},"end":{"line":22,"column":22}},{"start":{"line":23,"column":4},"end":{"line":23,"column":22}},{"start":{"line":24,"column":4},"end":{"line":25,"column":23}},{"start":{"line":26,"column":4},"end":{"line":26,"column":29}},{"start":{"line":27,"column":4},"end":{"line":27,"column":22}},{"start":{"line":28,"column":4},"end":{"line":28,"column":30}},{"start":{"line":29,"column":4},"end":{"line":31,"column":12}},{"start":{"line":35,"column":4},"end":{"line":35,"column":20}},{"start":{"line":36,"column":4},"end":{"line":37,"column":23}},{"start":{"line":38,"column":4},"end":{"line":38,"column":27}},{"start":{"line":39,"column":4},"end":{"line":41,"column":12}}],"line":18},"1":{"loc":{"start":{"line":45,"column":2},"end":{"line":56,"column":3}},"type":"if","locations":[{"start":{"line":45,"column":2},"end":{"line":56,"column":3}},{"start":{"line":51,"column":9},"end":{"line":56,"column":3}}],"line":45},"2":{"loc":{"start":{"line":66,"column":14},"end":{"line":68,"column":31}},"type":"cond-expr","locations":[{"start":{"line":67,"column":6},"end":{"line":67,"column":32}},{"start":{"line":68,"column":6},"end":{"line":68,"column":31}}],"line":66}},"s":{"0":1,"1":1,"2":1,"3":13,"4":13,"5":13,"6":13,"7":13,"8":13,"9":5,"10":9,"11":9,"12":2,"13":4,"14":13,"15":9,"16":4,"17":13,"18":13,"19":13,"20":13,"21":13,"22":1},"f":{"0":13},"b":{"0":[1,2,3,4,5,6,7,8,9,1,2,3,4],"1":[9,4],"2":[9,4]},"_coverageSchema":"1a1c01bbd47fc00a2c39e90264f33305004495a9","hash":"ebdfb031b364a854389ecf0e247d73734d97dfa7"}
}
