TN:
SF:constants/fxhashConstants.js
FNF:0
FNH:0
DA:1,1
DA:4,1
DA:9,1
LF:3
LH:3
BRF:0
BRH:0
end_of_record
TN:
SF:utils/etl/transform/aaiScore.js
FN:23,(anonymous_0)
FN:53,(anonymous_1)
FNF:2
FNH:2
FNDA:13,(anonymous_0)
FNDA:26,(anonymous_1)
DA:23,1
DA:29,13
DA:34,13
DA:37,13
DA:39,13
DA:44,13
DA:45,13
DA:53,1
DA:54,26
DA:55,26
DA:58,1
LF:11
LH:11
BRDA:29,0,0,13
BRDA:29,0,1,0
BRF:2
BRH:1
end_of_record
TN:
SF:utils/etl/transform/processTransaction.js
FN:11,(anonymous_0)
FNF:1
FNH:1
FNDA:13,(anonymous_0)
DA:1,1
DA:3,1
DA:11,1
DA:12,13
DA:13,13
DA:14,13
DA:15,13
DA:16,13
DA:18,13
DA:25,5
DA:30,9
DA:31,9
DA:37,2
DA:41,4
DA:45,13
DA:46,9
DA:52,4
DA:58,13
DA:59,13
DA:60,13
DA:66,13
DA:70,13
DA:73,1
LF:23
LH:23
BRDA:18,0,0,1
BRDA:18,0,1,2
BRDA:18,0,2,3
BRDA:18,0,3,4
BRDA:18,0,4,5
BRDA:18,0,5,6
BRDA:18,0,6,7
BRDA:18,0,7,8
BRDA:18,0,8,9
BRDA:18,0,9,1
BRDA:18,0,10,2
BRDA:18,0,11,3
BRDA:18,0,12,4
BRDA:45,1,0,9
BRDA:45,1,1,4
BRDA:66,2,0,9
BRDA:66,2,1,4
BRF:17
BRH:17
end_of_record
